<?xml version="1.0" encoding="UTF-8"?>
<!-- Generated by org.testng.reporters.JUnitReportReporter -->
<testsuite hostname="elzevir-N56VB" failures="0" tests="1" name="com.calendario.CalendarioTest" time="9.491" errors="0" timestamp="2022-08-31T20:18:39 ART" skipped="0">
  <testcase classname="com.calendario.CalendarioTest" name="f" time="9.491"/>
  <system-out/>
</testsuite> <!-- com.calendario.CalendarioTest -->
